{"total": {"lines":{"total":209,"covered":124,"skipped":0,"pct":59.33},"statements":{"total":227,"covered":129,"skipped":0,"pct":56.82},"functions":{"total":71,"covered":51,"skipped":0,"pct":71.83},"branches":{"total":131,"covered":51,"skipped":0,"pct":38.93},"branchesTrue":{"total":0,"covered":0,"skipped":0,"pct":100}}
,"E:\\s\\Desktop\\MTweb\\mtweb-system\\packages\\scheduler-service\\src\\index.ts": {"lines":{"total":38,"covered":0,"skipped":0,"pct":0},"functions":{"total":7,"covered":0,"skipped":0,"pct":0},"statements":{"total":38,"covered":0,"skipped":0,"pct":0},"branches":{"total":22,"covered":0,"skipped":0,"pct":0}}
,"E:\\s\\Desktop\\MTweb\\mtweb-system\\packages\\scheduler-service\\src\\profile.ts": {"lines":{"total":10,"covered":1,"skipped":0,"pct":10},"functions":{"total":1,"covered":0,"skipped":0,"pct":0},"statements":{"total":14,"covered":1,"skipped":0,"pct":7.14},"branches":{"total":27,"covered":0,"skipped":0,"pct":0}}
,"E:\\s\\Desktop\\MTweb\\mtweb-system\\packages\\scheduler-service\\src\\scoring.ts": {"lines":{"total":37,"covered":37,"skipped":0,"pct":100},"functions":{"total":23,"covered":23,"skipped":0,"pct":100},"statements":{"total":40,"covered":40,"skipped":0,"pct":100},"branches":{"total":13,"covered":12,"skipped":0,"pct":92.3}}
,"E:\\s\\Desktop\\MTweb\\mtweb-system\\packages\\web-client\\src\\runtime\\blockLoader.ts": {"lines":{"total":16,"covered":8,"skipped":0,"pct":50},"functions":{"total":6,"covered":3,"skipped":0,"pct":50},"statements":{"total":21,"covered":10,"skipped":0,"pct":47.61},"branches":{"total":10,"covered":8,"skipped":0,"pct":80}}
,"E:\\s\\Desktop\\MTweb\\mtweb-system\\packages\\web-client\\src\\runtime\\metrics.ts": {"lines":{"total":54,"covered":47,"skipped":0,"pct":87.03},"functions":{"total":16,"covered":15,"skipped":0,"pct":93.75},"statements":{"total":54,"covered":47,"skipped":0,"pct":87.03},"branches":{"total":25,"covered":22,"skipped":0,"pct":88}}
,"E:\\s\\Desktop\\MTweb\\mtweb-system\\packages\\web-client\\src\\runtime\\splq.ts": {"lines":{"total":35,"covered":31,"skipped":0,"pct":88.57},"functions":{"total":10,"covered":10,"skipped":0,"pct":100},"statements":{"total":35,"covered":31,"skipped":0,"pct":88.57},"branches":{"total":14,"covered":9,"skipped":0,"pct":64.28}}
,"E:\\s\\Desktop\\MTweb\\mtweb-system\\packages\\web-client\\src\\runtime\\telemetry.ts": {"lines":{"total":19,"covered":0,"skipped":0,"pct":0},"functions":{"total":8,"covered":0,"skipped":0,"pct":0},"statements":{"total":25,"covered":0,"skipped":0,"pct":0},"branches":{"total":20,"covered":0,"skipped":0,"pct":0}}
}
